<?xml version="1.0" encoding="UTF-8"?>
<!-- Generated by org.testng.reporters.JUnitXMLReporter -->
<testsuite ignored="0" hostname="DESKTOP-LPKLU1H" failures="0" tests="10" name="Default test" time="69.196" errors="0" timestamp="16 Mar 2022 07:34:58 GMT">
  <testcase classname="com.vcentry.lab.testcases.CheckoutPageTest" name="validateCheckout" time="9.154"/>
  <testcase classname="com.vcentry.lab.testcases.CheckoutPageTest" name="validateCheckout" time="3.79"/>
  <testcase classname="com.vcentry.lab.testcases.CheckoutPageTest" name="validateCheckout" time="3.738"/>
  <testcase classname="com.vcentry.lab.testcases.CheckoutPageTest" name="validateCheckout" time="3.75"/>
  <testcase classname="com.vcentry.lab.testcases.CheckoutPageTest" name="validateCheckout" time="4.504"/>
  <testcase classname="com.vcentry.lab.testcases.CheckoutPageTest" name="validateCheckout" time="3.295"/>
  <testcase classname="com.vcentry.lab.testcases.CheckoutPageTest" name="validateCheckout" time="4.25"/>
  <testcase classname="com.vcentry.lab.testcases.CheckoutPageTest" name="validateCheckout" time="4.423"/>
  <testcase classname="com.vcentry.lab.testcases.CheckoutPageTest" name="validateCheckout" time="3.557"/>
  <testcase classname="com.vcentry.lab.testcases.CheckoutPageTest" name="validateCheckout" time="3.969"/>
</testsuite> <!-- Default test -->
