<?xml version="1.0" encoding="UTF-8"?>
<testng-results ignored="0" total="10" passed="10" failed="0" skipped="0">
  <reporter-output>
  </reporter-output>
  <suite started-at="2022-03-16T07:33:48Z" name="Default suite" finished-at="2022-03-16T07:34:58Z" duration-ms="69196">
    <groups>
    </groups>
    <test started-at="2022-03-16T07:33:48Z" name="Default test" finished-at="2022-03-16T07:34:58Z" duration-ms="69196">
      <class name="com.vcentry.lab.testcases.CheckoutPageTest">
        <test-method is-config="true" signature="setup()[pri:0, instance:com.vcentry.lab.testcases.CheckoutPageTest@41e1e210]" started-at="2022-03-16T13:03:50Z" name="setup" finished-at="2022-03-16T13:03:57Z" duration-ms="6729" status="PASS">
          <reporter-output>
          </reporter-output>
        </test-method> <!-- setup -->
        <test-method signature="validateCheckout(java.lang.String, java.lang.String, java.lang.String, java.lang.String, java.lang.String, java.lang.String, java.lang.String, java.lang.String, java.lang.String)[pri:0, instance:com.vcentry.lab.testcases.CheckoutPageTest@41e1e210]" started-at="2022-03-16T13:03:57Z" name="validateCheckout" data-provider="CheckoutPageTest" finished-at="2022-03-16T13:04:06Z" duration-ms="9154" status="PASS">
          <params>
            <param index="0">
              <value>
                <![CDATA[CheckoutPageTest_DataSet2]]>
              </value>
            </param>
            <param index="1">
              <value>
                <![CDATA[Sonia]]>
              </value>
            </param>
            <param index="2">
              <value>
                <![CDATA[Soniavivek@2502]]>
              </value>
            </param>
            <param index="3">
              <value>
                <![CDATA[produtA]]>
              </value>
            </param>
            <param index="4">
              <value>
                <![CDATA[1111]]>
              </value>
            </param>
            <param index="5">
              <value>
                <![CDATA[mailA@email.com]]>
              </value>
            </param>
            <param index="6">
              <value>
                <![CDATA[Electrical]]>
              </value>
            </param>
            <param index="7">
              <value>
                <![CDATA[12]]>
              </value>
            </param>
            <param index="8">
              <value>
                <![CDATA[purchaseNameA]]>
              </value>
            </param>
          </params>
          <reporter-output>
          </reporter-output>
        </test-method> <!-- validateCheckout -->
        <test-method is-config="true" signature="teardown(org.testng.ITestResult)[pri:0, instance:com.vcentry.lab.testcases.CheckoutPageTest@41e1e210]" started-at="2022-03-16T13:04:06Z" name="teardown" finished-at="2022-03-16T13:04:13Z" duration-ms="6804" status="PASS">
          <params>
            <param index="0">
              <value>
                <![CDATA[[TestResult name=validateCheckout status=SUCCESS method=CheckoutPageTest.validateCheckout(java.lang.String, java.lang.String, java.lang.String, java.lang.String, java.lang.String, java.lang.String, java.lang.String, java.lang.String, java.lang.String)[pri:0, instance:com.vcentry.lab.testcases.CheckoutPageTest@41e1e210] output={null}]]]>
              </value>
            </param>
          </params>
          <reporter-output>
          </reporter-output>
        </test-method> <!-- teardown -->
        <test-method signature="validateCheckout(java.lang.String, java.lang.String, java.lang.String, java.lang.String, java.lang.String, java.lang.String, java.lang.String, java.lang.String, java.lang.String)[pri:0, instance:com.vcentry.lab.testcases.CheckoutPageTest@41e1e210]" started-at="2022-03-16T13:04:13Z" name="validateCheckout" data-provider="CheckoutPageTest" finished-at="2022-03-16T13:04:16Z" duration-ms="3790" status="PASS">
          <params>
            <param index="0">
              <value>
                <![CDATA[CheckoutPageTest_DataSet3]]>
              </value>
            </param>
            <param index="1">
              <value>
                <![CDATA[Sonia]]>
              </value>
            </param>
            <param index="2">
              <value>
                <![CDATA[Soniavivek@2502]]>
              </value>
            </param>
            <param index="3">
              <value>
                <![CDATA[produtB]]>
              </value>
            </param>
            <param index="4">
              <value>
                <![CDATA[2222]]>
              </value>
            </param>
            <param index="5">
              <value>
                <![CDATA[mailB@email.com]]>
              </value>
            </param>
            <param index="6">
              <value>
                <![CDATA[Electrical]]>
              </value>
            </param>
            <param index="7">
              <value>
                <![CDATA[20]]>
              </value>
            </param>
            <param index="8">
              <value>
                <![CDATA[purchaseNameB]]>
              </value>
            </param>
          </params>
          <reporter-output>
          </reporter-output>
        </test-method> <!-- validateCheckout -->
        <test-method is-config="true" signature="setup()[pri:0, instance:com.vcentry.lab.testcases.CheckoutPageTest@41e1e210]" started-at="2022-03-16T13:04:13Z" name="setup" finished-at="2022-03-16T13:04:13Z" duration-ms="0" status="PASS">
          <reporter-output>
          </reporter-output>
        </test-method> <!-- setup -->
        <test-method is-config="true" signature="teardown(org.testng.ITestResult)[pri:0, instance:com.vcentry.lab.testcases.CheckoutPageTest@41e1e210]" started-at="2022-03-16T13:04:16Z" name="teardown" finished-at="2022-03-16T13:04:17Z" duration-ms="681" status="PASS">
          <params>
            <param index="0">
              <value>
                <![CDATA[[TestResult name=validateCheckout status=SUCCESS method=CheckoutPageTest.validateCheckout(java.lang.String, java.lang.String, java.lang.String, java.lang.String, java.lang.String, java.lang.String, java.lang.String, java.lang.String, java.lang.String)[pri:0, instance:com.vcentry.lab.testcases.CheckoutPageTest@41e1e210] output={null}]]]>
              </value>
            </param>
          </params>
          <reporter-output>
          </reporter-output>
        </test-method> <!-- teardown -->
        <test-method signature="validateCheckout(java.lang.String, java.lang.String, java.lang.String, java.lang.String, java.lang.String, java.lang.String, java.lang.String, java.lang.String, java.lang.String)[pri:0, instance:com.vcentry.lab.testcases.CheckoutPageTest@41e1e210]" started-at="2022-03-16T13:04:17Z" name="validateCheckout" data-provider="CheckoutPageTest" finished-at="2022-03-16T13:04:21Z" duration-ms="3738" status="PASS">
          <params>
            <param index="0">
              <value>
                <![CDATA[CheckoutPageTest_DataSet4]]>
              </value>
            </param>
            <param index="1">
              <value>
                <![CDATA[Sonia]]>
              </value>
            </param>
            <param index="2">
              <value>
                <![CDATA[Soniavivek@2502]]>
              </value>
            </param>
            <param index="3">
              <value>
                <![CDATA[produtC]]>
              </value>
            </param>
            <param index="4">
              <value>
                <![CDATA[3333]]>
              </value>
            </param>
            <param index="5">
              <value>
                <![CDATA[mailC@email.com]]>
              </value>
            </param>
            <param index="6">
              <value>
                <![CDATA[Electrical]]>
              </value>
            </param>
            <param index="7">
              <value>
                <![CDATA[21]]>
              </value>
            </param>
            <param index="8">
              <value>
                <![CDATA[purchaseNameC]]>
              </value>
            </param>
          </params>
          <reporter-output>
          </reporter-output>
        </test-method> <!-- validateCheckout -->
        <test-method is-config="true" signature="setup()[pri:0, instance:com.vcentry.lab.testcases.CheckoutPageTest@41e1e210]" started-at="2022-03-16T13:04:17Z" name="setup" finished-at="2022-03-16T13:04:17Z" duration-ms="0" status="PASS">
          <reporter-output>
          </reporter-output>
        </test-method> <!-- setup -->
        <test-method is-config="true" signature="teardown(org.testng.ITestResult)[pri:0, instance:com.vcentry.lab.testcases.CheckoutPageTest@41e1e210]" started-at="2022-03-16T13:04:21Z" name="teardown" finished-at="2022-03-16T13:04:24Z" duration-ms="2908" status="PASS">
          <params>
            <param index="0">
              <value>
                <![CDATA[[TestResult name=validateCheckout status=SUCCESS method=CheckoutPageTest.validateCheckout(java.lang.String, java.lang.String, java.lang.String, java.lang.String, java.lang.String, java.lang.String, java.lang.String, java.lang.String, java.lang.String)[pri:0, instance:com.vcentry.lab.testcases.CheckoutPageTest@41e1e210] output={null}]]]>
              </value>
            </param>
          </params>
          <reporter-output>
          </reporter-output>
        </test-method> <!-- teardown -->
        <test-method signature="validateCheckout(java.lang.String, java.lang.String, java.lang.String, java.lang.String, java.lang.String, java.lang.String, java.lang.String, java.lang.String, java.lang.String)[pri:0, instance:com.vcentry.lab.testcases.CheckoutPageTest@41e1e210]" started-at="2022-03-16T13:04:24Z" name="validateCheckout" data-provider="CheckoutPageTest" finished-at="2022-03-16T13:04:27Z" duration-ms="3750" status="PASS">
          <params>
            <param index="0">
              <value>
                <![CDATA[CheckoutPageTest_DataSet5]]>
              </value>
            </param>
            <param index="1">
              <value>
                <![CDATA[Sonia]]>
              </value>
            </param>
            <param index="2">
              <value>
                <![CDATA[Soniavivek@2502]]>
              </value>
            </param>
            <param index="3">
              <value>
                <![CDATA[produtD]]>
              </value>
            </param>
            <param index="4">
              <value>
                <![CDATA[4444]]>
              </value>
            </param>
            <param index="5">
              <value>
                <![CDATA[mailD@email.com]]>
              </value>
            </param>
            <param index="6">
              <value>
                <![CDATA[Electrical]]>
              </value>
            </param>
            <param index="7">
              <value>
                <![CDATA[70]]>
              </value>
            </param>
            <param index="8">
              <value>
                <![CDATA[purchaseNameD]]>
              </value>
            </param>
          </params>
          <reporter-output>
          </reporter-output>
        </test-method> <!-- validateCheckout -->
        <test-method is-config="true" signature="setup()[pri:0, instance:com.vcentry.lab.testcases.CheckoutPageTest@41e1e210]" started-at="2022-03-16T13:04:24Z" name="setup" finished-at="2022-03-16T13:04:24Z" duration-ms="0" status="PASS">
          <reporter-output>
          </reporter-output>
        </test-method> <!-- setup -->
        <test-method is-config="true" signature="teardown(org.testng.ITestResult)[pri:0, instance:com.vcentry.lab.testcases.CheckoutPageTest@41e1e210]" started-at="2022-03-16T13:04:27Z" name="teardown" finished-at="2022-03-16T13:04:30Z" duration-ms="2204" status="PASS">
          <params>
            <param index="0">
              <value>
                <![CDATA[[TestResult name=validateCheckout status=SUCCESS method=CheckoutPageTest.validateCheckout(java.lang.String, java.lang.String, java.lang.String, java.lang.String, java.lang.String, java.lang.String, java.lang.String, java.lang.String, java.lang.String)[pri:0, instance:com.vcentry.lab.testcases.CheckoutPageTest@41e1e210] output={null}]]]>
              </value>
            </param>
          </params>
          <reporter-output>
          </reporter-output>
        </test-method> <!-- teardown -->
        <test-method signature="validateCheckout(java.lang.String, java.lang.String, java.lang.String, java.lang.String, java.lang.String, java.lang.String, java.lang.String, java.lang.String, java.lang.String)[pri:0, instance:com.vcentry.lab.testcases.CheckoutPageTest@41e1e210]" started-at="2022-03-16T13:04:30Z" name="validateCheckout" data-provider="CheckoutPageTest" finished-at="2022-03-16T13:04:34Z" duration-ms="4504" status="PASS">
          <params>
            <param index="0">
              <value>
                <![CDATA[CheckoutPageTest_DataSet6]]>
              </value>
            </param>
            <param index="1">
              <value>
                <![CDATA[Sonia]]>
              </value>
            </param>
            <param index="2">
              <value>
                <![CDATA[Soniavivek@2502]]>
              </value>
            </param>
            <param index="3">
              <value>
                <![CDATA[produtE]]>
              </value>
            </param>
            <param index="4">
              <value>
                <![CDATA[5555]]>
              </value>
            </param>
            <param index="5">
              <value>
                <![CDATA[mailD@email.com]]>
              </value>
            </param>
            <param index="6">
              <value>
                <![CDATA[Electrical]]>
              </value>
            </param>
            <param index="7">
              <value>
                <![CDATA[70]]>
              </value>
            </param>
            <param index="8">
              <value>
                <![CDATA[purchaseNameD]]>
              </value>
            </param>
          </params>
          <reporter-output>
          </reporter-output>
        </test-method> <!-- validateCheckout -->
        <test-method is-config="true" signature="setup()[pri:0, instance:com.vcentry.lab.testcases.CheckoutPageTest@41e1e210]" started-at="2022-03-16T13:04:30Z" name="setup" finished-at="2022-03-16T13:04:30Z" duration-ms="0" status="PASS">
          <reporter-output>
          </reporter-output>
        </test-method> <!-- setup -->
        <test-method is-config="true" signature="teardown(org.testng.ITestResult)[pri:0, instance:com.vcentry.lab.testcases.CheckoutPageTest@41e1e210]" started-at="2022-03-16T13:04:34Z" name="teardown" finished-at="2022-03-16T13:04:35Z" duration-ms="616" status="PASS">
          <params>
            <param index="0">
              <value>
                <![CDATA[[TestResult name=validateCheckout status=SUCCESS method=CheckoutPageTest.validateCheckout(java.lang.String, java.lang.String, java.lang.String, java.lang.String, java.lang.String, java.lang.String, java.lang.String, java.lang.String, java.lang.String)[pri:0, instance:com.vcentry.lab.testcases.CheckoutPageTest@41e1e210] output={null}]]]>
              </value>
            </param>
          </params>
          <reporter-output>
          </reporter-output>
        </test-method> <!-- teardown -->
        <test-method signature="validateCheckout(java.lang.String, java.lang.String, java.lang.String, java.lang.String, java.lang.String, java.lang.String, java.lang.String, java.lang.String, java.lang.String)[pri:0, instance:com.vcentry.lab.testcases.CheckoutPageTest@41e1e210]" started-at="2022-03-16T13:04:35Z" name="validateCheckout" data-provider="CheckoutPageTest" finished-at="2022-03-16T13:04:38Z" duration-ms="3295" status="PASS">
          <params>
            <param index="0">
              <value>
                <![CDATA[CheckoutPageTest_DataSet7]]>
              </value>
            </param>
            <param index="1">
              <value>
                <![CDATA[Sonia]]>
              </value>
            </param>
            <param index="2">
              <value>
                <![CDATA[Soniavivek@2502]]>
              </value>
            </param>
            <param index="3">
              <value>
                <![CDATA[produtF]]>
              </value>
            </param>
            <param index="4">
              <value>
                <![CDATA[66666]]>
              </value>
            </param>
            <param index="5">
              <value>
                <![CDATA[mailD@email.com]]>
              </value>
            </param>
            <param index="6">
              <value>
                <![CDATA[Electrical]]>
              </value>
            </param>
            <param index="7">
              <value>
                <![CDATA[70]]>
              </value>
            </param>
            <param index="8">
              <value>
                <![CDATA[purchaseNameD]]>
              </value>
            </param>
          </params>
          <reporter-output>
          </reporter-output>
        </test-method> <!-- validateCheckout -->
        <test-method is-config="true" signature="setup()[pri:0, instance:com.vcentry.lab.testcases.CheckoutPageTest@41e1e210]" started-at="2022-03-16T13:04:35Z" name="setup" finished-at="2022-03-16T13:04:35Z" duration-ms="0" status="PASS">
          <reporter-output>
          </reporter-output>
        </test-method> <!-- setup -->
        <test-method is-config="true" signature="teardown(org.testng.ITestResult)[pri:0, instance:com.vcentry.lab.testcases.CheckoutPageTest@41e1e210]" started-at="2022-03-16T13:04:38Z" name="teardown" finished-at="2022-03-16T13:04:39Z" duration-ms="608" status="PASS">
          <params>
            <param index="0">
              <value>
                <![CDATA[[TestResult name=validateCheckout status=SUCCESS method=CheckoutPageTest.validateCheckout(java.lang.String, java.lang.String, java.lang.String, java.lang.String, java.lang.String, java.lang.String, java.lang.String, java.lang.String, java.lang.String)[pri:0, instance:com.vcentry.lab.testcases.CheckoutPageTest@41e1e210] output={null}]]]>
              </value>
            </param>
          </params>
          <reporter-output>
          </reporter-output>
        </test-method> <!-- teardown -->
        <test-method signature="validateCheckout(java.lang.String, java.lang.String, java.lang.String, java.lang.String, java.lang.String, java.lang.String, java.lang.String, java.lang.String, java.lang.String)[pri:0, instance:com.vcentry.lab.testcases.CheckoutPageTest@41e1e210]" started-at="2022-03-16T13:04:39Z" name="validateCheckout" data-provider="CheckoutPageTest" finished-at="2022-03-16T13:04:43Z" duration-ms="4250" status="PASS">
          <params>
            <param index="0">
              <value>
                <![CDATA[CheckoutPageTest_DataSet8]]>
              </value>
            </param>
            <param index="1">
              <value>
                <![CDATA[Sonia]]>
              </value>
            </param>
            <param index="2">
              <value>
                <![CDATA[Soniavivek@2502]]>
              </value>
            </param>
            <param index="3">
              <value>
                <![CDATA[produtG]]>
              </value>
            </param>
            <param index="4">
              <value>
                <![CDATA[77777]]>
              </value>
            </param>
            <param index="5">
              <value>
                <![CDATA[mailD@email.com]]>
              </value>
            </param>
            <param index="6">
              <value>
                <![CDATA[Electrical]]>
              </value>
            </param>
            <param index="7">
              <value>
                <![CDATA[70]]>
              </value>
            </param>
            <param index="8">
              <value>
                <![CDATA[purchaseNameD]]>
              </value>
            </param>
          </params>
          <reporter-output>
          </reporter-output>
        </test-method> <!-- validateCheckout -->
        <test-method is-config="true" signature="setup()[pri:0, instance:com.vcentry.lab.testcases.CheckoutPageTest@41e1e210]" started-at="2022-03-16T13:04:39Z" name="setup" finished-at="2022-03-16T13:04:39Z" duration-ms="0" status="PASS">
          <reporter-output>
          </reporter-output>
        </test-method> <!-- setup -->
        <test-method is-config="true" signature="teardown(org.testng.ITestResult)[pri:0, instance:com.vcentry.lab.testcases.CheckoutPageTest@41e1e210]" started-at="2022-03-16T13:04:43Z" name="teardown" finished-at="2022-03-16T13:04:44Z" duration-ms="672" status="PASS">
          <params>
            <param index="0">
              <value>
                <![CDATA[[TestResult name=validateCheckout status=SUCCESS method=CheckoutPageTest.validateCheckout(java.lang.String, java.lang.String, java.lang.String, java.lang.String, java.lang.String, java.lang.String, java.lang.String, java.lang.String, java.lang.String)[pri:0, instance:com.vcentry.lab.testcases.CheckoutPageTest@41e1e210] output={null}]]]>
              </value>
            </param>
          </params>
          <reporter-output>
          </reporter-output>
        </test-method> <!-- teardown -->
        <test-method is-config="true" signature="setup()[pri:0, instance:com.vcentry.lab.testcases.CheckoutPageTest@41e1e210]" started-at="2022-03-16T13:04:44Z" name="setup" finished-at="2022-03-16T13:04:44Z" duration-ms="1" status="PASS">
          <reporter-output>
          </reporter-output>
        </test-method> <!-- setup -->
        <test-method signature="validateCheckout(java.lang.String, java.lang.String, java.lang.String, java.lang.String, java.lang.String, java.lang.String, java.lang.String, java.lang.String, java.lang.String)[pri:0, instance:com.vcentry.lab.testcases.CheckoutPageTest@41e1e210]" started-at="2022-03-16T13:04:44Z" name="validateCheckout" data-provider="CheckoutPageTest" finished-at="2022-03-16T13:04:48Z" duration-ms="4423" status="PASS">
          <params>
            <param index="0">
              <value>
                <![CDATA[CheckoutPageTest_DataSet9]]>
              </value>
            </param>
            <param index="1">
              <value>
                <![CDATA[Sonia]]>
              </value>
            </param>
            <param index="2">
              <value>
                <![CDATA[Soniavivek@2502]]>
              </value>
            </param>
            <param index="3">
              <value>
                <![CDATA[produtH]]>
              </value>
            </param>
            <param index="4">
              <value>
                <![CDATA[88888]]>
              </value>
            </param>
            <param index="5">
              <value>
                <![CDATA[mailD@email.com]]>
              </value>
            </param>
            <param index="6">
              <value>
                <![CDATA[Electrical]]>
              </value>
            </param>
            <param index="7">
              <value>
                <![CDATA[70]]>
              </value>
            </param>
            <param index="8">
              <value>
                <![CDATA[purchaseNameD]]>
              </value>
            </param>
          </params>
          <reporter-output>
          </reporter-output>
        </test-method> <!-- validateCheckout -->
        <test-method is-config="true" signature="teardown(org.testng.ITestResult)[pri:0, instance:com.vcentry.lab.testcases.CheckoutPageTest@41e1e210]" started-at="2022-03-16T13:04:48Z" name="teardown" finished-at="2022-03-16T13:04:49Z" duration-ms="904" status="PASS">
          <params>
            <param index="0">
              <value>
                <![CDATA[[TestResult name=validateCheckout status=SUCCESS method=CheckoutPageTest.validateCheckout(java.lang.String, java.lang.String, java.lang.String, java.lang.String, java.lang.String, java.lang.String, java.lang.String, java.lang.String, java.lang.String)[pri:0, instance:com.vcentry.lab.testcases.CheckoutPageTest@41e1e210] output={null}]]]>
              </value>
            </param>
          </params>
          <reporter-output>
          </reporter-output>
        </test-method> <!-- teardown -->
        <test-method is-config="true" signature="setup()[pri:0, instance:com.vcentry.lab.testcases.CheckoutPageTest@41e1e210]" started-at="2022-03-16T13:04:49Z" name="setup" finished-at="2022-03-16T13:04:49Z" duration-ms="0" status="PASS">
          <reporter-output>
          </reporter-output>
        </test-method> <!-- setup -->
        <test-method signature="validateCheckout(java.lang.String, java.lang.String, java.lang.String, java.lang.String, java.lang.String, java.lang.String, java.lang.String, java.lang.String, java.lang.String)[pri:0, instance:com.vcentry.lab.testcases.CheckoutPageTest@41e1e210]" started-at="2022-03-16T13:04:49Z" name="validateCheckout" data-provider="CheckoutPageTest" finished-at="2022-03-16T13:04:52Z" duration-ms="3557" status="PASS">
          <params>
            <param index="0">
              <value>
                <![CDATA[CheckoutPageTest_DataSet10]]>
              </value>
            </param>
            <param index="1">
              <value>
                <![CDATA[Sonia]]>
              </value>
            </param>
            <param index="2">
              <value>
                <![CDATA[Soniavivek@2502]]>
              </value>
            </param>
            <param index="3">
              <value>
                <![CDATA[produtI]]>
              </value>
            </param>
            <param index="4">
              <value>
                <![CDATA[999999]]>
              </value>
            </param>
            <param index="5">
              <value>
                <![CDATA[maili@email.com]]>
              </value>
            </param>
            <param index="6">
              <value>
                <![CDATA[Electrical]]>
              </value>
            </param>
            <param index="7">
              <value>
                <![CDATA[80]]>
              </value>
            </param>
            <param index="8">
              <value>
                <![CDATA[purchaseNameI]]>
              </value>
            </param>
          </params>
          <reporter-output>
          </reporter-output>
        </test-method> <!-- validateCheckout -->
        <test-method is-config="true" signature="teardown(org.testng.ITestResult)[pri:0, instance:com.vcentry.lab.testcases.CheckoutPageTest@41e1e210]" started-at="2022-03-16T13:04:52Z" name="teardown" finished-at="2022-03-16T13:04:53Z" duration-ms="600" status="PASS">
          <params>
            <param index="0">
              <value>
                <![CDATA[[TestResult name=validateCheckout status=SUCCESS method=CheckoutPageTest.validateCheckout(java.lang.String, java.lang.String, java.lang.String, java.lang.String, java.lang.String, java.lang.String, java.lang.String, java.lang.String, java.lang.String)[pri:0, instance:com.vcentry.lab.testcases.CheckoutPageTest@41e1e210] output={null}]]]>
              </value>
            </param>
          </params>
          <reporter-output>
          </reporter-output>
        </test-method> <!-- teardown -->
        <test-method is-config="true" signature="setup()[pri:0, instance:com.vcentry.lab.testcases.CheckoutPageTest@41e1e210]" started-at="2022-03-16T13:04:53Z" name="setup" finished-at="2022-03-16T13:04:53Z" duration-ms="0" status="PASS">
          <reporter-output>
          </reporter-output>
        </test-method> <!-- setup -->
        <test-method signature="validateCheckout(java.lang.String, java.lang.String, java.lang.String, java.lang.String, java.lang.String, java.lang.String, java.lang.String, java.lang.String, java.lang.String)[pri:0, instance:com.vcentry.lab.testcases.CheckoutPageTest@41e1e210]" started-at="2022-03-16T13:04:53Z" name="validateCheckout" data-provider="CheckoutPageTest" finished-at="2022-03-16T13:04:57Z" duration-ms="3969" status="PASS">
          <params>
            <param index="0">
              <value>
                <![CDATA[CheckoutPageTest_DataSet11]]>
              </value>
            </param>
            <param index="1">
              <value>
                <![CDATA[Sonia]]>
              </value>
            </param>
            <param index="2">
              <value>
                <![CDATA[Soniavivek@2502]]>
              </value>
            </param>
            <param index="3">
              <value>
                <![CDATA[produtJ]]>
              </value>
            </param>
            <param index="4">
              <value>
                <![CDATA[10101010]]>
              </value>
            </param>
            <param index="5">
              <value>
                <![CDATA[mailj@email.com]]>
              </value>
            </param>
            <param index="6">
              <value>
                <![CDATA[Electrical]]>
              </value>
            </param>
            <param index="7">
              <value>
                <![CDATA[90]]>
              </value>
            </param>
            <param index="8">
              <value>
                <![CDATA[purchaseNameJ]]>
              </value>
            </param>
          </params>
          <reporter-output>
          </reporter-output>
        </test-method> <!-- validateCheckout -->
        <test-method is-config="true" signature="teardown(org.testng.ITestResult)[pri:0, instance:com.vcentry.lab.testcases.CheckoutPageTest@41e1e210]" started-at="2022-03-16T13:04:57Z" name="teardown" finished-at="2022-03-16T13:04:58Z" duration-ms="616" status="PASS">
          <params>
            <param index="0">
              <value>
                <![CDATA[[TestResult name=validateCheckout status=SUCCESS method=CheckoutPageTest.validateCheckout(java.lang.String, java.lang.String, java.lang.String, java.lang.String, java.lang.String, java.lang.String, java.lang.String, java.lang.String, java.lang.String)[pri:0, instance:com.vcentry.lab.testcases.CheckoutPageTest@41e1e210] output={null}]]]>
              </value>
            </param>
          </params>
          <reporter-output>
          </reporter-output>
        </test-method> <!-- teardown -->
      </class> <!-- com.vcentry.lab.testcases.CheckoutPageTest -->
    </test> <!-- Default test -->
  </suite> <!-- Default suite -->
</testng-results>
